Build started 22/06/2018 11:51:19.
     1>Project "C:\kernel-User\DriverCompress\DriverCompress.vcxproj" on node 2 (Rebuild target(s)).
     1>ClCompile:
         C:\Program Files (x86)\Microsoft Visual Studio 12.0\VC\bin\CL.exe /c /Zi /nologo /W0 /WX- /O2 /Oi /Oy- /GL /D WIN32 /D NDEBUG /D _CONSOLE /D _LIB /D _USING_V110_SDK71_ /D _UNICODE /D UNICODE /Gm- /EHsc /MT /GS- /Gy /fp:precise /Zc:wchar_t /Zc:forScope /Fo"bin32\\" /Fd"bin32\vc120.pdb" /Gd /TP /analyze- /errorReport:prompt ..\Monitor\kernel.cpp ..\Monitor\ldrntapi.cpp ..\Monitor\reg.cpp ..\Monitor\util.cpp main.cpp
         kernel.cpp
         ldrntapi.cpp
         reg.cpp
         util.cpp
         main.cpp
       Link:
         C:\Program Files (x86)\Microsoft Visual Studio 12.0\VC\bin\link.exe /ERRORREPORT:PROMPT /OUT:"C:\kernel-User\bin32\DriverCompress.exe" /INCREMENTAL:NO /NOLOGO kernel32.lib user32.lib gdi32.lib winspool.lib comdlg32.lib advapi32.lib shell32.lib ole32.lib oleaut32.lib uuid.lib odbc32.lib odbccp32.lib /MANIFEST /MANIFESTUAC:"level='asInvoker' uiAccess='false'" /manifest:embed /DEBUG /PDB:"C:\kernel-User\bin32\DriverCompress.pdb" /SUBSYSTEM:CONSOLE,"5.01" /OPT:REF /OPT:ICF /LTCG /TLBID:1 /DYNAMICBASE /NXCOMPAT /IMPLIB:"C:\kernel-User\bin32\DriverCompress.lib" /MACHINE:X86 /SAFESEH bin32\kernel.obj
         bin32\ldrntapi.obj
         bin32\reg.obj
         bin32\util.obj
         bin32\main.obj
         Generating code
         Finished generating code
         DriverCompress.vcxproj -> C:\kernel-User\bin32\DriverCompress.exe
     1>Done Building Project "C:\kernel-User\DriverCompress\DriverCompress.vcxproj" (Rebuild target(s)).

Build succeeded.

Time Elapsed 00:00:07.49
